{
  "uid" : "56e06e01b9c643b4",
  "name" : "test_camera",
  "fullName" : "test_case.test_before_fota.TestBeforeFota#test_camera",
  "historyId" : "f8f97fc289f63972299ca31220f87a54",
  "time" : {
    "start" : 1614089777070,
    "stop" : 1614089782618,
    "duration" : 5548
  },
  "status" : "failed",
  "statusMessage" : "AssertionError: assert 1 == 2\n  +1\n  -2",
  "statusTrace" : "self = <test_before_fota.TestBeforeFota object at 0x1216a2710>\nbefore_all_case_execute = <page.main_page.Main_Page object at 0x12164e590>\n\n    def test_camera(self, before_all_case_execute):\n        global saved_data\n        camera_page = Camera_Page(before_all_case_execute)\n        camera_page.enter_camera_settings()\n        result = camera_page.change_ai_scene_status()\n        saved_data.append([sys._getframe().f_code.co_name, result[0], result[1]])\n        # assert result is not None\n>       assert 1 == 2\nE       assert 1 == 2\nE         +1\nE         -2\n\ntest_case/test_before_fota.py:33: AssertionError",
  "flaky" : false,
  "newFailed" : false,
  "beforeStages" : [ {
    "name" : "before_all_case_execute",
    "time" : {
      "start" : 1614089770357,
      "stop" : 1614089777062,
      "duration" : 6705
    },
    "status" : "passed",
    "steps" : [ ],
    "attachments" : [ ],
    "parameters" : [ ],
    "stepsCount" : 0,
    "attachmentsCount" : 0,
    "shouldDisplayMessage" : false,
    "hasContent" : false
  } ],
  "testStage" : {
    "status" : "failed",
    "statusMessage" : "AssertionError: assert 1 == 2\n  +1\n  -2",
    "statusTrace" : "self = <test_before_fota.TestBeforeFota object at 0x1216a2710>\nbefore_all_case_execute = <page.main_page.Main_Page object at 0x12164e590>\n\n    def test_camera(self, before_all_case_execute):\n        global saved_data\n        camera_page = Camera_Page(before_all_case_execute)\n        camera_page.enter_camera_settings()\n        result = camera_page.change_ai_scene_status()\n        saved_data.append([sys._getframe().f_code.co_name, result[0], result[1]])\n        # assert result is not None\n>       assert 1 == 2\nE       assert 1 == 2\nE         +1\nE         -2\n\ntest_case/test_before_fota.py:33: AssertionError",
    "steps" : [ {
      "name" : "添加失败截图...",
      "time" : {
        "start" : 1614089782709,
        "stop" : 1614089784765,
        "duration" : 2056
      },
      "status" : "passed",
      "steps" : [ ],
      "attachments" : [ {
        "uid" : "c721e3630e1b325c",
        "name" : "失败截图",
        "source" : "c721e3630e1b325c.png",
        "type" : "image/png",
        "size" : 7776000
      } ],
      "parameters" : [ ],
      "stepsCount" : 0,
      "attachmentsCount" : 1,
      "shouldDisplayMessage" : false,
      "hasContent" : true
    } ],
    "attachments" : [ {
      "uid" : "aa59ea08550009b0",
      "name" : "log",
      "source" : "aa59ea08550009b0.txt",
      "type" : "text/plain",
      "size" : 42
    } ],
    "parameters" : [ ],
    "stepsCount" : 1,
    "attachmentsCount" : 2,
    "shouldDisplayMessage" : true,
    "hasContent" : true
  },
  "afterStages" : [ ],
  "labels" : [ {
    "name" : "parentSuite",
    "value" : "test_case"
  }, {
    "name" : "suite",
    "value" : "test_before_fota"
  }, {
    "name" : "subSuite",
    "value" : "TestBeforeFota"
  }, {
    "name" : "host",
    "value" : "CGTdeMBP"
  }, {
    "name" : "thread",
    "value" : "5269-MainThread"
  }, {
    "name" : "framework",
    "value" : "pytest"
  }, {
    "name" : "language",
    "value" : "cpython3"
  }, {
    "name" : "package",
    "value" : "test_case.test_before_fota"
  }, {
    "name" : "resultFormat",
    "value" : "allure2"
  } ],
  "parameters" : [ ],
  "links" : [ ],
  "hidden" : false,
  "retry" : false,
  "extra" : {
    "severity" : "normal",
    "retries" : [ {
      "uid" : "6197a496f6e48a5b",
      "status" : "failed",
      "statusDetails" : "AssertionError: assert 1 == 2\n  +1\n  -2",
      "time" : {
        "start" : 1614089722771,
        "stop" : 1614089728368,
        "duration" : 5597
      }
    }, {
      "uid" : "f6b5d06131cfa3f3",
      "status" : "failed",
      "statusDetails" : "AssertionError: assert 1 == 2\n  +1\n  -2",
      "time" : {
        "start" : 1614089415683,
        "stop" : 1614089422515,
        "duration" : 6832
      }
    }, {
      "uid" : "e3300497a3d4a8f",
      "status" : "failed",
      "statusDetails" : "AssertionError: assert 1 == 2\n  +1\n  -2",
      "time" : {
        "start" : 1614089125563,
        "stop" : 1614089132232,
        "duration" : 6669
      }
    }, {
      "uid" : "ab863179012ee02",
      "status" : "failed",
      "statusDetails" : "AssertionError: assert 1 == 2\n  +1\n  -2",
      "time" : {
        "start" : 1614089068029,
        "stop" : 1614089074852,
        "duration" : 6823
      }
    }, {
      "uid" : "93bab8f138491cfc",
      "status" : "failed",
      "statusDetails" : "AssertionError: assert 1 == 2\n  +1\n  -2",
      "time" : {
        "start" : 1614088952871,
        "stop" : 1614088959588,
        "duration" : 6717
      }
    }, {
      "uid" : "f0df20d6517b9ef1",
      "status" : "failed",
      "statusDetails" : "AssertionError: assert 1 == 2\n  +1\n  -2",
      "time" : {
        "start" : 1614088844050,
        "stop" : 1614088851542,
        "duration" : 7492
      }
    }, {
      "uid" : "bf73fc633d4f666e",
      "status" : "passed",
      "time" : {
        "start" : 1614087773755,
        "stop" : 1614087780501,
        "duration" : 6746
      }
    } ],
    "categories" : [ {
      "name" : "Product defects",
      "matchedStatuses" : [ ],
      "flaky" : false
    } ],
    "tags" : [ ]
  },
  "source" : "56e06e01b9c643b4.json",
  "parameterValues" : [ ]
}