{
  "uid" : "93bab8f138491cfc",
  "name" : "test_camera",
  "fullName" : "test_case.test_before_fota.TestBeforeFota#test_camera",
  "historyId" : "f8f97fc289f63972299ca31220f87a54",
  "time" : {
    "start" : 1614088952871,
    "stop" : 1614088959588,
    "duration" : 6717
  },
  "status" : "failed",
  "statusMessage" : "AssertionError: assert 1 == 2\n  +1\n  -2",
  "statusTrace" : "self = <test_before_fota.TestBeforeFota object at 0x11873df10>\nbefore_all_case_execute = <page.main_page.Main_Page object at 0x11878ae50>\n\n    def test_camera(self, before_all_case_execute):\n        global saved_data\n        camera_page = Camera_Page(before_all_case_execute)\n        camera_page.enter_camera_settings()\n        result = camera_page.change_ai_scene_status()\n        saved_data.append([sys._getframe().f_code.co_name, result[0], result[1]])\n        # assert result is not None\n>       assert 1 == 2\nE       assert 1 == 2\nE         +1\nE         -2\n\ntest_case/test_before_fota.py:32: AssertionError",
  "flaky" : false,
  "newFailed" : false,
  "beforeStages" : [ {
    "name" : "before_all_case_execute",
    "time" : {
      "start" : 1614088945811,
      "stop" : 1614088952863,
      "duration" : 7052
    },
    "status" : "passed",
    "steps" : [ ],
    "attachments" : [ ],
    "parameters" : [ ],
    "stepsCount" : 0,
    "attachmentsCount" : 0,
    "shouldDisplayMessage" : false,
    "hasContent" : false
  } ],
  "testStage" : {
    "status" : "failed",
    "statusMessage" : "AssertionError: assert 1 == 2\n  +1\n  -2",
    "statusTrace" : "self = <test_before_fota.TestBeforeFota object at 0x11873df10>\nbefore_all_case_execute = <page.main_page.Main_Page object at 0x11878ae50>\n\n    def test_camera(self, before_all_case_execute):\n        global saved_data\n        camera_page = Camera_Page(before_all_case_execute)\n        camera_page.enter_camera_settings()\n        result = camera_page.change_ai_scene_status()\n        saved_data.append([sys._getframe().f_code.co_name, result[0], result[1]])\n        # assert result is not None\n>       assert 1 == 2\nE       assert 1 == 2\nE         +1\nE         -2\n\ntest_case/test_before_fota.py:32: AssertionError",
    "steps" : [ {
      "name" : "添加失败截图...",
      "time" : {
        "start" : 1614088959679,
        "stop" : 1614088966888,
        "duration" : 7209
      },
      "status" : "passed",
      "steps" : [ ],
      "attachments" : [ {
        "uid" : "6f761912e0183f9",
        "name" : "失败截图",
        "source" : "6f761912e0183f9.png",
        "type" : "image/png",
        "size" : 7776000
      } ],
      "parameters" : [ ],
      "stepsCount" : 0,
      "attachmentsCount" : 1,
      "shouldDisplayMessage" : false,
      "hasContent" : true
    } ],
    "attachments" : [ {
      "uid" : "29d6c224236af594",
      "name" : "log",
      "source" : "29d6c224236af594.txt",
      "type" : "text/plain",
      "size" : 42
    } ],
    "parameters" : [ ],
    "stepsCount" : 1,
    "attachmentsCount" : 2,
    "shouldDisplayMessage" : true,
    "hasContent" : true
  },
  "afterStages" : [ ],
  "labels" : [ {
    "name" : "parentSuite",
    "value" : "test_case"
  }, {
    "name" : "suite",
    "value" : "test_before_fota"
  }, {
    "name" : "subSuite",
    "value" : "TestBeforeFota"
  }, {
    "name" : "host",
    "value" : "CGTdeMBP"
  }, {
    "name" : "thread",
    "value" : "4588-MainThread"
  }, {
    "name" : "framework",
    "value" : "pytest"
  }, {
    "name" : "language",
    "value" : "cpython3"
  }, {
    "name" : "package",
    "value" : "test_case.test_before_fota"
  }, {
    "name" : "resultFormat",
    "value" : "allure2"
  } ],
  "parameters" : [ ],
  "links" : [ ],
  "hidden" : true,
  "retry" : true,
  "extra" : {
    "categories" : [ ],
    "tags" : [ ]
  },
  "source" : "93bab8f138491cfc.json",
  "parameterValues" : [ ]
}