{
  "uid" : "e3300497a3d4a8f",
  "name" : "test_camera",
  "fullName" : "test_case.test_before_fota.TestBeforeFota#test_camera",
  "historyId" : "f8f97fc289f63972299ca31220f87a54",
  "time" : {
    "start" : 1614089125563,
    "stop" : 1614089132232,
    "duration" : 6669
  },
  "status" : "failed",
  "statusMessage" : "AssertionError: assert 1 == 2\n  +1\n  -2",
  "statusTrace" : "self = <test_before_fota.TestBeforeFota object at 0x115c46f50>\nbefore_all_case_execute = <page.main_page.Main_Page object at 0x116069a10>\n\n    def test_camera(self, before_all_case_execute):\n        global saved_data\n        camera_page = Camera_Page(before_all_case_execute)\n        camera_page.enter_camera_settings()\n        result = camera_page.change_ai_scene_status()\n        saved_data.append([sys._getframe().f_code.co_name, result[0], result[1]])\n        # assert result is not None\n>       assert 1 == 2\nE       assert 1 == 2\nE         +1\nE         -2\n\ntest_case/test_before_fota.py:32: AssertionError",
  "flaky" : false,
  "newFailed" : false,
  "beforeStages" : [ {
    "name" : "before_all_case_execute",
    "time" : {
      "start" : 1614089118530,
      "stop" : 1614089125561,
      "duration" : 7031
    },
    "status" : "passed",
    "steps" : [ ],
    "attachments" : [ ],
    "parameters" : [ ],
    "stepsCount" : 0,
    "attachmentsCount" : 0,
    "shouldDisplayMessage" : false,
    "hasContent" : false
  } ],
  "testStage" : {
    "status" : "failed",
    "statusMessage" : "AssertionError: assert 1 == 2\n  +1\n  -2",
    "statusTrace" : "self = <test_before_fota.TestBeforeFota object at 0x115c46f50>\nbefore_all_case_execute = <page.main_page.Main_Page object at 0x116069a10>\n\n    def test_camera(self, before_all_case_execute):\n        global saved_data\n        camera_page = Camera_Page(before_all_case_execute)\n        camera_page.enter_camera_settings()\n        result = camera_page.change_ai_scene_status()\n        saved_data.append([sys._getframe().f_code.co_name, result[0], result[1]])\n        # assert result is not None\n>       assert 1 == 2\nE       assert 1 == 2\nE         +1\nE         -2\n\ntest_case/test_before_fota.py:32: AssertionError",
    "steps" : [ {
      "name" : "添加失败截图...",
      "time" : {
        "start" : 1614089132326,
        "stop" : 1614089139488,
        "duration" : 7162
      },
      "status" : "passed",
      "steps" : [ ],
      "attachments" : [ {
        "uid" : "6e0f5a9364f84b16",
        "name" : "失败截图",
        "source" : "6e0f5a9364f84b16.png",
        "type" : "image/png",
        "size" : 7776000
      } ],
      "parameters" : [ ],
      "stepsCount" : 0,
      "attachmentsCount" : 1,
      "shouldDisplayMessage" : false,
      "hasContent" : true
    } ],
    "attachments" : [ {
      "uid" : "e1c0f6d059022275",
      "name" : "log",
      "source" : "e1c0f6d059022275.txt",
      "type" : "text/plain",
      "size" : 42
    } ],
    "parameters" : [ ],
    "stepsCount" : 1,
    "attachmentsCount" : 2,
    "shouldDisplayMessage" : true,
    "hasContent" : true
  },
  "afterStages" : [ ],
  "labels" : [ {
    "name" : "parentSuite",
    "value" : "test_case"
  }, {
    "name" : "suite",
    "value" : "test_before_fota"
  }, {
    "name" : "subSuite",
    "value" : "TestBeforeFota"
  }, {
    "name" : "host",
    "value" : "CGTdeMBP"
  }, {
    "name" : "thread",
    "value" : "4791-MainThread"
  }, {
    "name" : "framework",
    "value" : "pytest"
  }, {
    "name" : "language",
    "value" : "cpython3"
  }, {
    "name" : "package",
    "value" : "test_case.test_before_fota"
  }, {
    "name" : "resultFormat",
    "value" : "allure2"
  } ],
  "parameters" : [ ],
  "links" : [ ],
  "hidden" : true,
  "retry" : true,
  "extra" : {
    "categories" : [ ],
    "tags" : [ ]
  },
  "source" : "e3300497a3d4a8f.json",
  "parameterValues" : [ ]
}