{"name": "test_camera", "status": "failed", "statusDetails": {"message": "AssertionError: assert 1 == 2\n  +1\n  -2", "trace": "self = <test_before_fota.TestBeforeFota object at 0x11ea975d0>\nbefore_all_case_execute = <page.main_page.Main_Page object at 0x11d9323d0>\n\n    def test_camera(self, before_all_case_execute):\n        global saved_data\n        camera_page = Camera_Page(before_all_case_execute)\n        camera_page.start_camera()\n        camera_page.enter_camera_settings()\n        result = camera_page.change_ai_scene_status()\n        saved_data.append([sys._getframe().f_code.co_name, result[0], result[1]])\n>       assert 1 == 2\nE       assert 1 == 2\nE         +1\nE         -2\n\ntest_case/test_before_fota.py:35: AssertionError"}, "steps": [{"name": "添加失败截图...", "status": "passed", "attachments": [{"name": "<Function test_camera>:失败截图", "source": "9f165c12-cbe9-4f59-9183-ffa32bfa2ab1-attachment.png", "type": "image/png"}], "start": 1614154402079, "stop": 1614154402457}], "attachments": [{"name": "log", "source": "79eccf7c-eece-446a-9a77-ac8070865230-attachment.txt", "type": "text/plain"}], "start": 1614154395644, "stop": 1614154402072, "uuid": "835eac20-3cfa-4343-8de6-0ef15cc147ac", "historyId": "f8f97fc289f63972299ca31220f87a54", "testCaseId": "fa68c0bc1c5a5a72ec6686d63dbd7857", "fullName": "test_case.test_before_fota.TestBeforeFota#test_camera", "labels": [{"name": "parentSuite", "value": "test_case"}, {"name": "suite", "value": "test_before_fota"}, {"name": "subSuite", "value": "TestBeforeFota"}, {"name": "host", "value": "CGTdeMacBook-Pro.local"}, {"name": "thread", "value": "18027-MainThread"}, {"name": "framework", "value": "pytest"}, {"name": "language", "value": "cpython3"}, {"name": "package", "value": "test_case.test_before_fota"}]}