{"name": "test_sort_all_data", "status": "failed", "statusDetails": {"message": "AssertionError: assert 1 == 2\n  +1\n  -2", "trace": "self = <test_before_fota.TestBeforeFota object at 0x115ad1350>\n\n    def test_sort_all_data(self):\n        global saved_data\n        save2csv = Save2Csv()\n        for item in saved_data:\n            save2csv.writeInCsv(item)\n        # assert saved_data is not None\n>       assert 1 == 2\nE       assert 1 == 2\nE         +1\nE         -2\n\ntest_case/test_before_fota.py:41: AssertionError"}, "steps": [{"name": "添加失败截图...", "status": "passed", "attachments": [{"name": "失败截图", "source": "63e85048-dcc7-4a1f-bde6-b219bce67332-attachment.png", "type": "image/png"}], "start": 1614089429967, "stop": 1614089435996}], "start": 1614089429960, "stop": 1614089429964, "uuid": "0c3db58d-2e19-460e-9514-4715575e9661", "historyId": "df31fc24e36e175160319c3fdcc48349", "testCaseId": "462e53d056e42e998471c68d0846df00", "fullName": "test_case.test_before_fota.TestBeforeFota#test_sort_all_data", "labels": [{"name": "parentSuite", "value": "test_case"}, {"name": "suite", "value": "test_before_fota"}, {"name": "subSuite", "value": "TestBeforeFota"}, {"name": "host", "value": "CGTdeMBP"}, {"name": "thread", "value": "4994-MainThread"}, {"name": "framework", "value": "pytest"}, {"name": "language", "value": "cpython3"}, {"name": "package", "value": "test_case.test_before_fota"}]}