{"name": "test_camera", "status": "failed", "statusDetails": {"message": "AssertionError: assert 1 == 2\n  +1\n  -2", "trace": "self = <test_before_fota.TestBeforeFota object at 0x11873df10>\nbefore_all_case_execute = <page.main_page.Main_Page object at 0x11878ae50>\n\n    def test_camera(self, before_all_case_execute):\n        global saved_data\n        camera_page = Camera_Page(before_all_case_execute)\n        camera_page.enter_camera_settings()\n        result = camera_page.change_ai_scene_status()\n        saved_data.append([sys._getframe().f_code.co_name, result[0], result[1]])\n        # assert result is not None\n>       assert 1 == 2\nE       assert 1 == 2\nE         +1\nE         -2\n\ntest_case/test_before_fota.py:32: AssertionError"}, "steps": [{"name": "添加失败截图...", "status": "passed", "attachments": [{"name": "失败截图", "source": "f9e0bfc1-0955-4442-8e90-b10fbe0d9512-attachment.png", "type": "image/png"}], "start": 1614088959679, "stop": 1614088966888}], "attachments": [{"name": "log", "source": "8a374b54-e1e1-421c-854a-710fe1f9c4ed-attachment.txt", "type": "text/plain"}], "start": 1614088952871, "stop": 1614088959588, "uuid": "23f8deb8-1ba3-4fb4-be4f-2bf970b66159", "historyId": "f8f97fc289f63972299ca31220f87a54", "testCaseId": "fa68c0bc1c5a5a72ec6686d63dbd7857", "fullName": "test_case.test_before_fota.TestBeforeFota#test_camera", "labels": [{"name": "parentSuite", "value": "test_case"}, {"name": "suite", "value": "test_before_fota"}, {"name": "subSuite", "value": "TestBeforeFota"}, {"name": "host", "value": "CGTdeMBP"}, {"name": "thread", "value": "4588-MainThread"}, {"name": "framework", "value": "pytest"}, {"name": "language", "value": "cpython3"}, {"name": "package", "value": "test_case.test_before_fota"}]}