{"name": "test_camera", "status": "failed", "statusDetails": {"message": "AssertionError: assert 1 == 2\n  +1\n  -2", "trace": "self = <test_before_fota.TestBeforeFota object at 0x1209d82d0>\nbefore_all_case_execute = <page.main_page.Main_Page object at 0x120e20e10>\n\n    def test_camera(self, before_all_case_execute):\n        global saved_data\n        camera_page = Camera_Page(before_all_case_execute)\n        camera_page.enter_camera_settings()\n        result = camera_page.change_ai_scene_status()\n        saved_data.append([sys._getframe().f_code.co_name, result[0], result[1]])\n        # assert result is not None\n>       assert 1 == 2\nE       assert 1 == 2\nE         +1\nE         -2\n\ntest_case/test_before_fota.py:32: AssertionError"}, "steps": [{"name": "添加失败截图...", "status": "passed", "attachments": [{"name": "失败截图", "source": "c679714e-08e3-4805-9790-f0927238875c-attachment.png", "type": "image/png"}], "start": 1614088851631, "stop": 1614088859305}], "attachments": [{"name": "log", "source": "e08daeb9-b869-4996-9fa6-2ef2cde6025b-attachment.txt", "type": "text/plain"}], "start": 1614088844050, "stop": 1614088851542, "uuid": "c705c203-5cf0-48f5-b989-6b70fb65d2d9", "historyId": "f8f97fc289f63972299ca31220f87a54", "testCaseId": "fa68c0bc1c5a5a72ec6686d63dbd7857", "fullName": "test_case.test_before_fota.TestBeforeFota#test_camera", "labels": [{"name": "parentSuite", "value": "test_case"}, {"name": "suite", "value": "test_before_fota"}, {"name": "subSuite", "value": "TestBeforeFota"}, {"name": "host", "value": "CGTdeMBP"}, {"name": "thread", "value": "4478-MainThread"}, {"name": "framework", "value": "pytest"}, {"name": "language", "value": "cpython3"}, {"name": "package", "value": "test_case.test_before_fota"}]}