{"name": "test_sort_all_data", "status": "failed", "statusDetails": {"message": "AssertionError: assert 1 == 2\n  +1\n  -2", "trace": "self = <test_before_fota.TestBeforeFota object at 0x11838c350>\n\n    def test_sort_all_data(self):\n        global saved_data\n        save2csv = Save2Csv()\n        for item in saved_data:\n            save2csv.writeInCsv(item)\n        # assert saved_data is not None\n>       assert 1 == 2\nE       assert 1 == 2\nE         +1\nE         -2\n\ntest_case/test_before_fota.py:41: AssertionError"}, "steps": [{"name": "添加失败截图...", "status": "passed", "attachments": [{"name": "失败截图", "source": "e2c7d444-977e-42cd-a6ac-bc5b02903c99-attachment.png", "type": "image/png"}], "start": 1614089082421, "stop": 1614089088609}], "start": 1614089082416, "stop": 1614089082417, "uuid": "a44264b8-8e0b-4b3d-9ed3-8346c6a035ce", "historyId": "df31fc24e36e175160319c3fdcc48349", "testCaseId": "462e53d056e42e998471c68d0846df00", "fullName": "test_case.test_before_fota.TestBeforeFota#test_sort_all_data", "labels": [{"name": "parentSuite", "value": "test_case"}, {"name": "suite", "value": "test_before_fota"}, {"name": "subSuite", "value": "TestBeforeFota"}, {"name": "host", "value": "CGTdeMBP"}, {"name": "thread", "value": "4694-MainThread"}, {"name": "framework", "value": "pytest"}, {"name": "language", "value": "cpython3"}, {"name": "package", "value": "test_case.test_before_fota"}]}