{"name": "test_camera", "status": "failed", "statusDetails": {"message": "AssertionError: assert 1 == 2\n  +1\n  -2", "trace": "self = <test_before_fota.TestBeforeFota object at 0x1216a2710>\nbefore_all_case_execute = <page.main_page.Main_Page object at 0x12164e590>\n\n    def test_camera(self, before_all_case_execute):\n        global saved_data\n        camera_page = Camera_Page(before_all_case_execute)\n        camera_page.enter_camera_settings()\n        result = camera_page.change_ai_scene_status()\n        saved_data.append([sys._getframe().f_code.co_name, result[0], result[1]])\n        # assert result is not None\n>       assert 1 == 2\nE       assert 1 == 2\nE         +1\nE         -2\n\ntest_case/test_before_fota.py:33: AssertionError"}, "steps": [{"name": "添加失败截图...", "status": "passed", "attachments": [{"name": "失败截图", "source": "05acb2f9-6dbf-4c34-b89f-585eb65c343b-attachment.png", "type": "image/png"}], "start": 1614089782709, "stop": 1614089784765}], "attachments": [{"name": "log", "source": "9062234d-870b-49c9-96c6-84bdf7b42fb7-attachment.txt", "type": "text/plain"}], "start": 1614089777070, "stop": 1614089782618, "uuid": "24a5a83c-58f6-4a76-be7e-c2111ae57ab3", "historyId": "f8f97fc289f63972299ca31220f87a54", "testCaseId": "fa68c0bc1c5a5a72ec6686d63dbd7857", "fullName": "test_case.test_before_fota.TestBeforeFota#test_camera", "labels": [{"name": "parentSuite", "value": "test_case"}, {"name": "suite", "value": "test_before_fota"}, {"name": "subSuite", "value": "TestBeforeFota"}, {"name": "host", "value": "CGTdeMBP"}, {"name": "thread", "value": "5269-MainThread"}, {"name": "framework", "value": "pytest"}, {"name": "language", "value": "cpython3"}, {"name": "package", "value": "test_case.test_before_fota"}]}