{"name": "test_sort_all_data", "status": "failed", "statusDetails": {"message": "AssertionError: assert 1 == 2\n  +1\n  -2", "trace": "self = <test_before_fota.TestBeforeFota object at 0x118718150>\n\n    def test_sort_all_data(self):\n        global saved_data\n        save2csv = Save2Csv()\n        for item in saved_data:\n            save2csv.writeInCsv(item)\n        # assert saved_data is not None\n>       assert 1 == 2\nE       assert 1 == 2\nE         +1\nE         -2\n\ntest_case/test_before_fota.py:41: AssertionError"}, "steps": [{"name": "添加失败截图...", "status": "passed", "attachments": [{"name": "失败截图", "source": "ccf9e296-7643-4b5d-87a0-cbfa440b39df-attachment.png", "type": "image/png"}], "start": 1614088966896, "stop": 1614088972909}], "start": 1614088966892, "stop": 1614088966893, "uuid": "d1bf2581-9efb-45f9-bbca-ca4e1d799ba2", "historyId": "df31fc24e36e175160319c3fdcc48349", "testCaseId": "462e53d056e42e998471c68d0846df00", "fullName": "test_case.test_before_fota.TestBeforeFota#test_sort_all_data", "labels": [{"name": "parentSuite", "value": "test_case"}, {"name": "suite", "value": "test_before_fota"}, {"name": "subSuite", "value": "TestBeforeFota"}, {"name": "host", "value": "CGTdeMBP"}, {"name": "thread", "value": "4588-MainThread"}, {"name": "framework", "value": "pytest"}, {"name": "language", "value": "cpython3"}, {"name": "package", "value": "test_case.test_before_fota"}]}